<?xml version="1.0" encoding="UTF-8"?>
<!-- Generated by org.testng.reporters.JUnitXMLReporter -->
<testsuite ignored="0" hostname="kaspar-HP-ProBook-4540s" failures="0" tests="3" name="Default test" time="0.069" errors="0" timestamp="2022-12-16T12:26:44 IST">
  <testcase classname="loginPackage.AnnotationHeirachyExample" name="test" time="0.007"/>
  <testcase classname="loginPackage.AnnotationHeirachyExample" name="test2" time="0.002"/>
  <testcase classname="loginPackage.AnnotationHeirachyExample" name="test3" time="0.002"/>
</testsuite> <!-- Default test -->
