<?xml version="1.0" encoding="UTF-8"?>
<!-- Generated by org.testng.reporters.JUnitXMLReporter -->
<testsuite ignored="0" hostname="kaspar-HP-ProBook-4540s" failures="0" tests="13" name="Login Application" time="27.932" errors="0" timestamp="2022-08-08T18:24:50 IST">
  <testcase classname="DataDrivenFramework.LoginFromJXL" name="loginWithBothCorrect" time="8.715"/>
  <testcase classname="DataDrivenFramework.LoginFromJXL" name="loginWithBothCorrect" time="5.178"/>
  <testcase classname="DataDrivenFramework.LoginFromJXL" name="loginWithBothCorrect" time="4.281"/>
  <testcase classname="DataDrivenFramework.LoginFromJXL" name="loginWithBothCorrect" time="4.193"/>
  <testcase classname="loginPackage.AnnotationHeirachyExample" name="test" time="0.005"/>
  <testcase classname="loginPackage.AnnotationHeirachyExample" name="test2" time="0.002"/>
  <testcase classname="loginPackage.DependenciesManagement" name="oneTest" time="0.001"/>
  <testcase classname="loginPackage.DependenciesManagement" name="twoTest" time="0.003"/>
  <testcase classname="loginPackage.DependenciesManagement" name="threeTest" time="0.002"/>
  <testcase classname="loginPackage.DependenciesManagement" name="fourTest" time="0.002"/>
  <testcase classname="loginPackage.SuiteExample" name="openBing" time="0.741"/>
  <testcase classname="loginPackage.SuiteExample" name="openGoogle" time="1.811"/>
  <testcase classname="loginPackage.SuiteExample" name="openYahoo" time="1.43"/>
</testsuite> <!-- Login Application -->
