<?xml version="1.0" encoding="UTF-8"?>
<!-- Generated by org.testng.reporters.JUnitXMLReporter -->
<testsuite ignored="0" hostname="kaspar-HP-ProBook-4540s" failures="0" tests="4" name="TestNg Testb" time="0.046" errors="0" timestamp="2022-08-08T18:34:53 IST">
  <testcase classname="loginPackage.DependenciesManagement" name="oneTest" time="0.002"/>
  <testcase classname="loginPackage.DependenciesManagement" name="twoTest" time="0.005"/>
  <testcase classname="loginPackage.DependenciesManagement" name="threeTest" time="0.002"/>
  <testcase classname="loginPackage.DependenciesManagement" name="fourTest" time="0.002"/>
</testsuite> <!-- TestNg Testb -->
