<?xml version="1.0" encoding="UTF-8"?>
<!-- Generated by org.testng.reporters.JUnitXMLReporter -->
<testsuite ignored="0" hostname="kaspar-HP-ProBook-4540s" failures="0" tests="3" name="TestNg Testc" time="3.633" errors="0" timestamp="2022-08-08T18:34:57 IST">
  <testcase classname="loginPackage.SuiteExample" name="openBing" time="0.569"/>
  <testcase classname="loginPackage.SuiteExample" name="openGoogle" time="1.654"/>
  <testcase classname="loginPackage.SuiteExample" name="openYahoo" time="1.395"/>
</testsuite> <!-- TestNg Testc -->
