<?xml version="1.0" encoding="UTF-8"?>
<!-- Generated by org.testng.reporters.JUnitXMLReporter -->
<testsuite ignored="0" hostname="kaspar-HP-ProBook-4540s" failures="0" tests="9" name="TestNg Test" time="3.713" errors="0" timestamp="2022-08-08T18:27:20 IST">
  <testcase classname="loginPackage.AnnotationHeirachyExample" name="test" time="0.014"/>
  <testcase classname="loginPackage.AnnotationHeirachyExample" name="test2" time="0.007"/>
  <testcase classname="loginPackage.DependenciesManagement" name="oneTest" time="0.003"/>
  <testcase classname="loginPackage.DependenciesManagement" name="twoTest" time="0.006"/>
  <testcase classname="loginPackage.DependenciesManagement" name="threeTest" time="0.003"/>
  <testcase classname="loginPackage.DependenciesManagement" name="fourTest" time="0.001"/>
  <testcase classname="loginPackage.SuiteExample" name="openBing" time="0.614"/>
  <testcase classname="loginPackage.SuiteExample" name="openGoogle" time="1.629"/>
  <testcase classname="loginPackage.SuiteExample" name="openYahoo" time="1.348"/>
</testsuite> <!-- TestNg Test -->
