<?xml version="1.0" encoding="UTF-8"?>
<!-- Generated by org.testng.reporters.JUnitXMLReporter -->
<testsuite ignored="0" hostname="kaspar-HP-ProBook-4540s" failures="0" tests="4" name="Login Application" time="24.009" errors="0" timestamp="2022-06-11T20:11:34 IST">
  <testcase classname="DataDrivenFramework.LoginFromJXL" name="loginWithBothCorrect" time="7.799"/>
  <testcase classname="DataDrivenFramework.LoginFromJXL" name="loginWithBothCorrect" time="4.169"/>
  <testcase classname="DataDrivenFramework.LoginFromJXL" name="loginWithBothCorrect" time="4.143"/>
  <testcase classname="DataDrivenFramework.LoginFromJXL" name="loginWithBothCorrect" time="4.117"/>
</testsuite> <!-- Login Application -->
