<?xml version="1.0" encoding="UTF-8"?>
<!-- Generated by org.testng.reporters.JUnitXMLReporter -->
<testsuite ignored="2" hostname="kaspar-HP-ProBook-4540s" failures="0" tests="4" name="Test Cases" time="0.092" errors="0" timestamp="2022-06-11T16:15:41 IST">
  <testcase classname="loginPackage.GroupingExample" name="apple1" time="0.014"/>
  <testcase classname="loginPackage.GroupingExample" name="apple2" time="0.002"/>
  <testcase classname="loginPackage.GroupingExample" name="vivo1" time="0.002"/>
  <testcase classname="loginPackage.GroupingExample" name="vivo2" time="0.007"/>
  <testcase classname="loginPackage.GroupingExample" name="moto2" time="0.0">
    <ignored/>
  </testcase> <!-- moto2 -->
  <testcase classname="loginPackage.GroupingExample" name="moto1" time="0.0">
    <ignored/>
  </testcase> <!-- moto1 -->
</testsuite> <!-- Test Cases -->
